[INFO] Scanning for projects...
[INFO]                                                                         
[INFO] ------------------------------------------------------------------------
[INFO] Building nav-enonic-cms-innholdshenter 0.1-SNAPSHOT
[INFO] ------------------------------------------------------------------------
[INFO] 
[INFO] --- maven-clean-plugin:2.5:clean (default-clean) @ innholdshenter ---
[INFO] Deleting C:\src\nav-enonic-cms-innholdshenter\trunk\target
[INFO] 
[INFO] --- maven-resources-plugin:2.5:resources (default-resources) @ innholdshenter ---
[debug] execute contextualize
[INFO] Using 'UTF-8' encoding to copy filtered resources.
[INFO] Copying 0 resource
[INFO] 
[INFO] --- maven-compiler-plugin:2.5:compile (default-compile) @ innholdshenter ---
[INFO] Compiling 18 source files to C:\src\nav-enonic-cms-innholdshenter\trunk\target\classes
[INFO] 
[INFO] --- maven-resources-plugin:2.5:testResources (default-testResources) @ innholdshenter ---
[debug] execute contextualize
[INFO] Using 'UTF-8' encoding to copy filtered resources.
[INFO] Copying 2 resources
[INFO] 
[INFO] --- maven-compiler-plugin:2.5:testCompile (default-testCompile) @ innholdshenter ---
[INFO] Compiling 14 source files to C:\src\nav-enonic-cms-innholdshenter\trunk\target\test-classes
[INFO] 
[INFO] --- maven-surefire-plugin:2.12:test (default-test) @ innholdshenter ---
[INFO] Surefire report directory: C:\src\nav-enonic-cms-innholdshenter\trunk\target\surefire-reports
[INFO] Using configured provider org.apache.maven.surefire.junit4.JUnit4Provider

-------------------------------------------------------
 T E S T S
-------------------------------------------------------
Running no.nav.innholdshenter.common.EnonicContentRetrieverFullTest
2013-07-05 13:39:46,543 WARN [main] n.s.e.c.ConfigurationFactory [ConfigurationFactory.java:136] No configuration found. Configuring ehcache from ehcache-failsafe.xml  found in the classpath: jar:file:/C:/Users/L139979/.m2/repository/net/sf/ehcache/ehcache-core/2.6.6/ehcache-core-2.6.6.jar!/ehcache-failsafe.xml
2013-07-05 13:40:03,518 WARN [main] n.n.i.c.GenericCache [GenericCache.java:74] Klarte ikke hente innhold for cache key http://localhost:9000/systemsider/ApplicationFrame. Bruker cache. Feilmelding: null
java.io.IOException: null
	at no.nav.innholdshenter.common.EnonicContentRetriever.getPageContentFromUrl(EnonicContentRetriever.java:98) [classes/:na]
	at no.nav.innholdshenter.common.EnonicContentRetriever.access$000(EnonicContentRetriever.java:29) [classes/:na]
	at no.nav.innholdshenter.common.EnonicContentRetriever$1.getContentFromSource(EnonicContentRetriever.java:64) ~[classes/:na]
	at no.nav.innholdshenter.common.EnonicContentRetriever$1.getContentFromSource(EnonicContentRetriever.java:62) ~[classes/:na]
	at no.nav.innholdshenter.common.GenericCache.fetchNewCacheContent(GenericCache.java:64) [classes/:na]
	at no.nav.innholdshenter.common.GenericCache.fetch(GenericCache.java:49) [classes/:na]
	at no.nav.innholdshenter.common.EnonicContentRetriever.getPageContent(EnonicContentRetriever.java:68) [classes/:na]
	at no.nav.innholdshenter.common.EnonicContentRetrieverFullTest.skalHenteGammeltInnholdFraCacheHvisUrlFeiler(EnonicContentRetrieverFullTest.java:155) [test-classes/:na]
	at sun.reflect.NativeMethodAccessorImpl.invoke0(Native Method) ~[na:1.7.0_05]
	at sun.reflect.NativeMethodAccessorImpl.invoke(NativeMethodAccessorImpl.java:57) ~[na:1.7.0_05]
	at sun.reflect.DelegatingMethodAccessorImpl.invoke(DelegatingMethodAccessorImpl.java:43) ~[na:1.7.0_05]
	at java.lang.reflect.Method.invoke(Method.java:601) ~[na:1.7.0_05]
	at org.junit.runners.model.FrameworkMethod$1.runReflectiveCall(FrameworkMethod.java:47) [junit-4.11.jar:na]
	at org.junit.internal.runners.model.ReflectiveCallable.run(ReflectiveCallable.java:12) [junit-4.11.jar:na]
	at org.junit.runners.model.FrameworkMethod.invokeExplosively(FrameworkMethod.java:44) [junit-4.11.jar:na]
	at org.junit.internal.runners.statements.InvokeMethod.evaluate(InvokeMethod.java:17) [junit-4.11.jar:na]
	at org.junit.internal.runners.statements.RunBefores.evaluate(RunBefores.java:26) [junit-4.11.jar:na]
	at org.junit.runners.ParentRunner.runLeaf(ParentRunner.java:271) [junit-4.11.jar:na]
	at org.junit.runners.BlockJUnit4ClassRunner.runChild(BlockJUnit4ClassRunner.java:70) [junit-4.11.jar:na]
	at org.junit.runners.BlockJUnit4ClassRunner.runChild(BlockJUnit4ClassRunner.java:50) [junit-4.11.jar:na]
	at org.junit.runners.ParentRunner$3.run(ParentRunner.java:238) [junit-4.11.jar:na]
	at org.junit.runners.ParentRunner$1.schedule(ParentRunner.java:63) [junit-4.11.jar:na]
	at org.junit.runners.ParentRunner.runChildren(ParentRunner.java:236) [junit-4.11.jar:na]
	at org.junit.runners.ParentRunner.access$000(ParentRunner.java:53) [junit-4.11.jar:na]
	at org.junit.runners.ParentRunner$2.evaluate(ParentRunner.java:229) [junit-4.11.jar:na]
	at org.junit.runners.ParentRunner.run(ParentRunner.java:309) [junit-4.11.jar:na]
	at org.mockito.internal.runners.JUnit45AndHigherRunnerImpl.run(JUnit45AndHigherRunnerImpl.java:37) [mockito-core-1.9.5.jar:na]
	at org.mockito.runners.MockitoJUnitRunner.run(MockitoJUnitRunner.java:62) [mockito-core-1.9.5.jar:na]
	at org.apache.maven.surefire.junit4.JUnit4Provider.execute(JUnit4Provider.java:236) [surefire-junit4-2.12.jar:2.12]
	at org.apache.maven.surefire.junit4.JUnit4Provider.executeTestSet(JUnit4Provider.java:134) [surefire-junit4-2.12.jar:2.12]
	at org.apache.maven.surefire.junit4.JUnit4Provider.invoke(JUnit4Provider.java:113) [surefire-junit4-2.12.jar:2.12]
	at sun.reflect.NativeMethodAccessorImpl.invoke0(Native Method) ~[na:1.7.0_05]
	at sun.reflect.NativeMethodAccessorImpl.invoke(NativeMethodAccessorImpl.java:57) ~[na:1.7.0_05]
	at sun.reflect.DelegatingMethodAccessorImpl.invoke(DelegatingMethodAccessorImpl.java:43) ~[na:1.7.0_05]
	at java.lang.reflect.Method.invoke(Method.java:601) ~[na:1.7.0_05]
	at org.apache.maven.surefire.util.ReflectionUtils.invokeMethodWithArray(ReflectionUtils.java:189) [surefire-api-2.12.jar:2.12]
	at org.apache.maven.surefire.booter.ProviderFactory$ProviderProxy.invoke(ProviderFactory.java:165) [surefire-booter-2.12.jar:2.12]
	at org.apache.maven.surefire.booter.ProviderFactory.invokeProvider(ProviderFactory.java:85) [surefire-booter-2.12.jar:2.12]
	at org.apache.maven.surefire.booter.ForkedBooter.runSuitesInProcess(ForkedBooter.java:103) [surefire-booter-2.12.jar:2.12]
	at org.apache.maven.surefire.booter.ForkedBooter.main(ForkedBooter.java:74) [surefire-booter-2.12.jar:2.12]
2013-07-05 13:40:03,534 WARN [main] n.n.i.c.GenericCache [GenericCache.java:74] Klarte ikke hente innhold for cache key http://localhost:9000/systemsider/ApplicationFrame. Bruker cache. Feilmelding: null
java.io.IOException: null
	at no.nav.innholdshenter.common.EnonicContentRetriever.getPageContentFromUrl(EnonicContentRetriever.java:98) [classes/:na]
	at no.nav.innholdshenter.common.EnonicContentRetriever.access$000(EnonicContentRetriever.java:29) [classes/:na]
	at no.nav.innholdshenter.common.EnonicContentRetriever$1.getContentFromSource(EnonicContentRetriever.java:64) ~[classes/:na]
	at no.nav.innholdshenter.common.EnonicContentRetriever$1.getContentFromSource(EnonicContentRetriever.java:62) ~[classes/:na]
	at no.nav.innholdshenter.common.GenericCache.fetchNewCacheContent(GenericCache.java:64) [classes/:na]
	at no.nav.innholdshenter.common.GenericCache.fetch(GenericCache.java:49) [classes/:na]
	at no.nav.innholdshenter.common.EnonicContentRetriever.getPageContent(EnonicContentRetriever.java:68) [classes/:na]
	at no.nav.innholdshenter.common.EnonicContentRetrieverFullTest.shouldReturnNullIfNoCachedCopyAndNoResponseOnURL(EnonicContentRetrieverFullTest.java:182) [test-classes/:na]
	at sun.reflect.NativeMethodAccessorImpl.invoke0(Native Method) ~[na:1.7.0_05]
	at sun.reflect.NativeMethodAccessorImpl.invoke(NativeMethodAccessorImpl.java:57) ~[na:1.7.0_05]
	at sun.reflect.DelegatingMethodAccessorImpl.invoke(DelegatingMethodAccessorImpl.java:43) ~[na:1.7.0_05]
	at java.lang.reflect.Method.invoke(Method.java:601) ~[na:1.7.0_05]
	at org.junit.runners.model.FrameworkMethod$1.runReflectiveCall(FrameworkMethod.java:47) [junit-4.11.jar:na]
	at org.junit.internal.runners.model.ReflectiveCallable.run(ReflectiveCallable.java:12) [junit-4.11.jar:na]
	at org.junit.runners.model.FrameworkMethod.invokeExplosively(FrameworkMethod.java:44) [junit-4.11.jar:na]
	at org.junit.internal.runners.statements.InvokeMethod.evaluate(InvokeMethod.java:17) [junit-4.11.jar:na]
	at org.junit.internal.runners.statements.RunBefores.evaluate(RunBefores.java:26) [junit-4.11.jar:na]
	at org.junit.runners.ParentRunner.runLeaf(ParentRunner.java:271) [junit-4.11.jar:na]
	at org.junit.runners.BlockJUnit4ClassRunner.runChild(BlockJUnit4ClassRunner.java:70) [junit-4.11.jar:na]
	at org.junit.runners.BlockJUnit4ClassRunner.runChild(BlockJUnit4ClassRunner.java:50) [junit-4.11.jar:na]
	at org.junit.runners.ParentRunner$3.run(ParentRunner.java:238) [junit-4.11.jar:na]
	at org.junit.runners.ParentRunner$1.schedule(ParentRunner.java:63) [junit-4.11.jar:na]
	at org.junit.runners.ParentRunner.runChildren(ParentRunner.java:236) [junit-4.11.jar:na]
	at org.junit.runners.ParentRunner.access$000(ParentRunner.java:53) [junit-4.11.jar:na]
	at org.junit.runners.ParentRunner$2.evaluate(ParentRunner.java:229) [junit-4.11.jar:na]
	at org.junit.runners.ParentRunner.run(ParentRunner.java:309) [junit-4.11.jar:na]
	at org.mockito.internal.runners.JUnit45AndHigherRunnerImpl.run(JUnit45AndHigherRunnerImpl.java:37) [mockito-core-1.9.5.jar:na]
	at org.mockito.runners.MockitoJUnitRunner.run(MockitoJUnitRunner.java:62) [mockito-core-1.9.5.jar:na]
	at org.apache.maven.surefire.junit4.JUnit4Provider.execute(JUnit4Provider.java:236) [surefire-junit4-2.12.jar:2.12]
	at org.apache.maven.surefire.junit4.JUnit4Provider.executeTestSet(JUnit4Provider.java:134) [surefire-junit4-2.12.jar:2.12]
	at org.apache.maven.surefire.junit4.JUnit4Provider.invoke(JUnit4Provider.java:113) [surefire-junit4-2.12.jar:2.12]
	at sun.reflect.NativeMethodAccessorImpl.invoke0(Native Method) ~[na:1.7.0_05]
	at sun.reflect.NativeMethodAccessorImpl.invoke(NativeMethodAccessorImpl.java:57) ~[na:1.7.0_05]
	at sun.reflect.DelegatingMethodAccessorImpl.invoke(DelegatingMethodAccessorImpl.java:43) ~[na:1.7.0_05]
	at java.lang.reflect.Method.invoke(Method.java:601) ~[na:1.7.0_05]
	at org.apache.maven.surefire.util.ReflectionUtils.invokeMethodWithArray(ReflectionUtils.java:189) [surefire-api-2.12.jar:2.12]
	at org.apache.maven.surefire.booter.ProviderFactory$ProviderProxy.invoke(ProviderFactory.java:165) [surefire-booter-2.12.jar:2.12]
	at org.apache.maven.surefire.booter.ProviderFactory.invokeProvider(ProviderFactory.java:85) [surefire-booter-2.12.jar:2.12]
	at org.apache.maven.surefire.booter.ForkedBooter.runSuitesInProcess(ForkedBooter.java:103) [surefire-booter-2.12.jar:2.12]
	at org.apache.maven.surefire.booter.ForkedBooter.main(ForkedBooter.java:74) [surefire-booter-2.12.jar:2.12]
2013-07-05 13:40:03,535 ERROR [main] n.n.i.c.GenericCache [GenericCache.java:54] Henting fra url http://localhost:9000/systemsider/ApplicationFrame feilet og innholdet er ikke i cache.
Tests run: 9, Failures: 0, Errors: 0, Skipped: 0, Time elapsed: 17.829 sec
Running no.nav.innholdshenter.common.RandomizeURLTest
2013-07-05 13:40:04,669 WARN [main] n.s.e.c.ConfigurationFactory [ConfigurationFactory.java:136] No configuration found. Configuring ehcache from ehcache-failsafe.xml  found in the classpath: jar:file:/C:/Users/L139979/.m2/repository/net/sf/ehcache/ehcache-core/2.6.6/ehcache-core-2.6.6.jar!/ehcache-failsafe.xml
2013-07-05 13:40:04,917 WARN [main] n.s.e.DiskStorePathManager [DiskStorePathManager.java:162] diskStorePath 'C:\apps\cygwin\tmp' is already used by an existing CacheManager either in the same VM or in a different process.
The diskStore path for this CacheManager will be set to C:\apps\cygwin\tmp\ehcache_auto_created6027997048806976575diskstore.
To avoid this warning consider using the CacheManager factory methods to create a singleton CacheManager or specifying a separate ehcache configuration (ehcache.xml) for each CacheManager instance.
Tests run: 2, Failures: 0, Errors: 0, Skipped: 0, Time elapsed: 1.658 sec
Running no.nav.innholdshenter.filter.ByteArrayServletOutputStreamTest
Tests run: 1, Failures: 0, Errors: 0, Skipped: 0, Time elapsed: 0.001 sec
Running no.nav.innholdshenter.filter.DecoratorFilterTest
Tests run: 5, Failures: 0, Errors: 0, Skipped: 0, Time elapsed: 0.088 sec
Running no.nav.innholdshenter.filter.DecoratorFrameQueryStringTest
Tests run: 13, Failures: 0, Errors: 0, Skipped: 0, Time elapsed: 0.087 sec
Running no.nav.innholdshenter.filter.DecoratorFrameTest
Tests run: 1, Failures: 0, Errors: 0, Skipped: 0, Time elapsed: 0.001 sec
Running no.nav.innholdshenter.filter.DecoratorResponseWrapperTest
Tests run: 4, Failures: 0, Errors: 0, Skipped: 0, Time elapsed: 0.002 sec
Running no.nav.innholdshenter.filter.HtmlPageTest
Tests run: 7, Failures: 0, Errors: 0, Skipped: 0, Time elapsed: 0 sec
Running no.nav.innholdshenter.filter.MarkupMergerTest
Encoding tag : <?xml version="1.0" encoding="UTF-8"?>
Tests run: 2, Failures: 0, Errors: 0, Skipped: 0, Time elapsed: 0.016 sec
Running no.nav.innholdshenter.hjelpetekst.EnonicHtmlInnholdBeanTest
Tests run: 3, Failures: 0, Errors: 0, Skipped: 0, Time elapsed: 0.091 sec
Running no.nav.innholdshenter.message.EnonicMessageBeanTest
2013-07-05 13:40:05,579 ERROR [main] n.n.i.m.EnonicMessageBean [EnonicMessageBean.java:61] Feil ved henting av property med key 'a': 
Tests run: 4, Failures: 0, Errors: 0, Skipped: 0, Time elapsed: 0.015 sec
Running no.nav.innholdshenter.message.EnonicStringRetrieverTest
Tests run: 5, Failures: 0, Errors: 0, Skipped: 0, Time elapsed: 0.008 sec

Results :

Tests run: 56, Failures: 0, Errors: 0, Skipped: 0

[INFO] 
[INFO] --- maven-jar-plugin:2.3.2:jar (default-jar) @ innholdshenter ---
[INFO] Building jar: C:\src\nav-enonic-cms-innholdshenter\trunk\target\innholdshenter-0.1-SNAPSHOT.jar
[INFO] 
[INFO] >>> maven-source-plugin:2.1.2:jar (attach-sources) @ innholdshenter >>>
[INFO] 
[INFO] <<< maven-source-plugin:2.1.2:jar (attach-sources) @ innholdshenter <<<
[INFO] 
[INFO] --- maven-source-plugin:2.1.2:jar (attach-sources) @ innholdshenter ---
[INFO] Building jar: C:\src\nav-enonic-cms-innholdshenter\trunk\target\innholdshenter-0.1-SNAPSHOT-sources.jar
[INFO] 
[INFO] --- maven-dependency-plugin:2.8:analyze-only (analyze) @ innholdshenter ---
[INFO] No dependency problems found
[INFO] 
[INFO] --- maven-install-plugin:2.3.1:install (default-install) @ innholdshenter ---
[INFO] Installing C:\src\nav-enonic-cms-innholdshenter\trunk\target\innholdshenter-0.1-SNAPSHOT.jar to C:\Users\L139979\.m2\repository\no\nav\sbl\innholdshenter\0.1-SNAPSHOT\innholdshenter-0.1-SNAPSHOT.jar
[INFO] Installing C:\src\nav-enonic-cms-innholdshenter\trunk\pom.xml to C:\Users\L139979\.m2\repository\no\nav\sbl\innholdshenter\0.1-SNAPSHOT\innholdshenter-0.1-SNAPSHOT.pom
[INFO] Installing C:\src\nav-enonic-cms-innholdshenter\trunk\target\innholdshenter-0.1-SNAPSHOT-sources.jar to C:\Users\L139979\.m2\repository\no\nav\sbl\innholdshenter\0.1-SNAPSHOT\innholdshenter-0.1-SNAPSHOT-sources.jar
[INFO] ------------------------------------------------------------------------
[INFO] BUILD SUCCESS
[INFO] ------------------------------------------------------------------------
[INFO] Total time: 30.444s
[INFO] Finished at: Fri Jul 05 13:40:08 CEST 2013
[INFO] Final Memory: 13M/178M
[INFO] ------------------------------------------------------------------------
